Using pre-set license
Built from '2021.1/staging' branch; Version is '2021.1.19f1 (5f5eb8bbdc25) revision 6250168'; Using compiler version '192528614'; Build Type 'Release'
OS: 'Windows 10 Pro N; OS build 19043.1415; Version 2009; 64bit' Language: 'en' Physical Memory: 16332 MB
BatchMode: 1, IsHumanControllingUs: 0, StartBugReporterOnCrash: 0, Is64bit: 1, IsPro: 0

COMMAND LINE ARGUMENTS:
C:\Program Files\Unity\Hub\Editor\2021.1.19f1\Editor\Unity.exe
-adb2
-batchMode
-noUpm
-name
AssetImportWorker0
-projectPath
C:/Users/radek/Desktop/Rocnikovka_Repo/BANG-3D/BANG! 3D
-logFile
Logs/AssetImportWorker0.log
-srvPort
62710
Successfully changed project path to: C:/Users/radek/Desktop/Rocnikovka_Repo/BANG-3D/BANG! 3D
C:/Users/radek/Desktop/Rocnikovka_Repo/BANG-3D/BANG! 3D
Using Asset Import Pipeline V2.
Refreshing native plugins compatible for Editor in 81.03 ms, found 3 plugins.
Preloading 0 native plugins for Editor in 0.00 ms.
Initialize engine version: 2021.1.19f1 (5f5eb8bbdc25)
[Subsystems] Discovering subsystems at path C:/Program Files/Unity/Hub/Editor/2021.1.19f1/Editor/Data/Resources/UnitySubsystems
[Subsystems] Discovering subsystems at path C:/Users/radek/Desktop/Rocnikovka_Repo/BANG-3D/BANG! 3D/Assets
GfxDevice: creating device client; threaded=0; jobified=0
Direct3D:
    Version:  Direct3D 11.0 [level 11.1]
    Renderer: NVIDIA GeForce RTX 2070 (ID=0x1f02)
    Vendor:   NVIDIA
    VRAM:     8031 MB
    Driver:   30.0.14.9729
Initialize mono
Mono path[0] = 'C:/Program Files/Unity/Hub/Editor/2021.1.19f1/Editor/Data/Managed'
Mono path[1] = 'C:/Program Files/Unity/Hub/Editor/2021.1.19f1/Editor/Data/MonoBleedingEdge/lib/mono/unityjit'
Mono config path = 'C:/Program Files/Unity/Hub/Editor/2021.1.19f1/Editor/Data/MonoBleedingEdge/etc'
Using monoOptions --debugger-agent=transport=dt_socket,embedding=1,server=y,suspend=n,address=127.0.0.1:56000
Begin MonoManager ReloadAssembly
Registering precompiled unity dll's ...
Register platform support module: C:/Program Files/Unity/Hub/Editor/2021.1.19f1/Editor/Data/PlaybackEngines/WindowsStandaloneSupport/UnityEditor.WindowsStandalone.Extensions.dll
Registered in 0.001908 seconds.
Native extension for WindowsStandalone target not found
Refreshing native plugins compatible for Editor in 84.51 ms, found 3 plugins.
Preloading 0 native plugins for Editor in 0.00 ms.
Mono: successfully reloaded assembly
- Completed reload, in  1.249 seconds
Domain Reload Profiling:
	ReloadAssembly (1249ms)
		BeginReloadAssembly (66ms)
			ExecutionOrderSort (0ms)
			DisableScriptedObjects (0ms)
			BackupInstance (0ms)
			ReleaseScriptingObjects (0ms)
			CreateAndSetChildDomain (1ms)
		EndReloadAssembly (484ms)
			LoadAssemblies (64ms)
			RebuildTransferFunctionScriptingTraits (0ms)
			SetupTypeCache (170ms)
			ReleaseScriptCaches (0ms)
			RebuildScriptCaches (33ms)
			SetupLoadedEditorAssemblies (233ms)
				LogAssemblyErrors (0ms)
				InitializePlatformSupportModulesInManaged (7ms)
				SetLoadedEditorAssemblies (0ms)
				RefreshPlugins (85ms)
				BeforeProcessingInitializeOnLoad (1ms)
				ProcessInitializeOnLoadAttributes (107ms)
				ProcessInitializeOnLoadMethodAttributes (33ms)
				AfterProcessingInitializeOnLoad (0ms)
				EditorAssembliesLoaded (0ms)
			ExecutionOrderSort2 (0ms)
			AwakeInstancesAfterBackupRestoration (0ms)
Platform modules already initialized, skipping
Registering precompiled user dll's ...
Registered in 0.004985 seconds.
Begin MonoManager ReloadAssembly
Symbol file LoadedFromMemory doesn't match image C:\Users\radek\Desktop\Rocnikovka_Repo\BANG-3D\BANG! 3D\Library\PackageCache\com.unity.visualscripting@1.6.1\Editor\VisualScripting.Core\Dependencies\YamlDotNet\Unity.VisualScripting.YamlDotNet.dll
Symbol file LoadedFromMemory doesn't match image C:\Users\radek\Desktop\Rocnikovka_Repo\BANG-3D\BANG! 3D\Library\PackageCache\com.unity.visualscripting@1.6.1\Editor\VisualScripting.Core\Dependencies\DotNetZip\Unity.VisualScripting.IonicZip.dll
Native extension for WindowsStandalone target not found
Refreshing native plugins compatible for Editor in 0.62 ms, found 3 plugins.
Preloading 0 native plugins for Editor in 0.00 ms.
Mono: successfully reloaded assembly
- Completed reload, in  1.134 seconds
Domain Reload Profiling:
	ReloadAssembly (1135ms)
		BeginReloadAssembly (163ms)
			ExecutionOrderSort (0ms)
			DisableScriptedObjects (5ms)
			BackupInstance (0ms)
			ReleaseScriptingObjects (0ms)
			CreateAndSetChildDomain (20ms)
		EndReloadAssembly (907ms)
			LoadAssemblies (98ms)
			RebuildTransferFunctionScriptingTraits (0ms)
			SetupTypeCache (347ms)
			ReleaseScriptCaches (1ms)
			RebuildScriptCaches (47ms)
			SetupLoadedEditorAssemblies (322ms)
				LogAssemblyErrors (0ms)
				InitializePlatformSupportModulesInManaged (5ms)
				SetLoadedEditorAssemblies (0ms)
				RefreshPlugins (1ms)
				BeforeProcessingInitializeOnLoad (67ms)
				ProcessInitializeOnLoadAttributes (235ms)
				ProcessInitializeOnLoadMethodAttributes (7ms)
				AfterProcessingInitializeOnLoad (7ms)
				EditorAssembliesLoaded (0ms)
			ExecutionOrderSort2 (0ms)
			AwakeInstancesAfterBackupRestoration (8ms)
Platform modules already initialized, skipping
========================================================================
Worker process is ready to serve import requests
Launched and connected shader compiler UnityShaderCompiler.exe after 0.05 seconds
Refreshing native plugins compatible for Editor in 0.67 ms, found 3 plugins.
Preloading 0 native plugins for Editor in 0.00 ms.
Unloading 2948 Unused Serialized files (Serialized files now loaded: 0)
System memory in use before: 105.7 MB.
System memory in use after: 105.9 MB.

Unloading 20 unused Assets to reduce memory usage. Loaded Objects now: 3394.
Total: 3.116700 ms (FindLiveObjects: 0.275100 ms CreateObjectMapping: 0.068900 ms MarkObjects: 2.704800 ms  DeleteObjects: 0.066700 ms)

AssetImportParameters requested are different than current active one (requested -> active):
  custom:framework-win-MediaFoundation: 216162199b28c13a410421893ffa2e32 -> 
  custom:video-decoder-ogg-theora: a1e56fd34408186e4bbccfd4996cb3dc -> 
  custom:container-muxer-webm: aa71ff27fc2769a1b78a27578f13a17b -> 
  custom:container-demuxer-webm: 4f35f7cbe854078d1ac9338744f61a02 -> 
  custom:container-demuxer-ogg: 62fdf1f143b41e24485cea50d1cbac27 -> 
  custom:video-encoder-webm-vp8: eb34c28f22e8b96e1ab97ce403110664 -> 
  custom:video-decoder-webm-vp8: 9c59270c3fd7afecdb556c50c9e8de78 -> 
  custom:audio-decoder-ogg-vorbis: bf7c407c2cedff20999df2af8eb42d56 -> 
  custom:audio-encoder-webm-vorbis: bf7c407c2cedff20999df2af8eb42d56 -> 
========================================================================
Received Import Request.
  path: Assets/Scripts
  artifactKey: Guid(14131cc2aaf8fb942883f166ba1f8623) Importer(815301076,1909f56bfc062723c751e8b465ee728b)
Start importing Assets/Scripts using Guid(14131cc2aaf8fb942883f166ba1f8623) Importer(815301076,1909f56bfc062723c751e8b465ee728b)  -> (artifact id: 'a13585aee54e096e7f79ac2bceb4e08e') in 0.009894 seconds 
========================================================================
Received Import Request.
  Time since last request: 1.889122 seconds.
  path: Assets/Assets
  artifactKey: Guid(ed7bbfb9cce62624da2a31d2bd673a6c) Importer(815301076,1909f56bfc062723c751e8b465ee728b)
Start importing Assets/Assets using Guid(ed7bbfb9cce62624da2a31d2bd673a6c) Importer(815301076,1909f56bfc062723c751e8b465ee728b)  -> (artifact id: '00588d83bfc0ba4a7ec07acb9242583f') in 0.006091 seconds 
========================================================================
Received Prepare
Registering precompiled user dll's ...
Registered in 0.004819 seconds.
Begin MonoManager ReloadAssembly
Symbol file LoadedFromMemory doesn't match image C:\Users\radek\Desktop\Rocnikovka_Repo\BANG-3D\BANG! 3D\Library\PackageCache\com.unity.visualscripting@1.6.1\Editor\VisualScripting.Core\Dependencies\YamlDotNet\Unity.VisualScripting.YamlDotNet.dll
Symbol file LoadedFromMemory doesn't match image C:\Users\radek\Desktop\Rocnikovka_Repo\BANG-3D\BANG! 3D\Library\PackageCache\com.unity.visualscripting@1.6.1\Editor\VisualScripting.Core\Dependencies\DotNetZip\Unity.VisualScripting.IonicZip.dll
Native extension for WindowsStandalone target not found
Refreshing native plugins compatible for Editor in 0.66 ms, found 3 plugins.
Preloading 0 native plugins for Editor in 0.00 ms.
Mono: successfully reloaded assembly
- Completed reload, in  1.111 seconds
Domain Reload Profiling:
	ReloadAssembly (1111ms)
		BeginReloadAssembly (142ms)
			ExecutionOrderSort (0ms)
			DisableScriptedObjects (5ms)
			BackupInstance (0ms)
			ReleaseScriptingObjects (0ms)
			CreateAndSetChildDomain (39ms)
		EndReloadAssembly (904ms)
			LoadAssemblies (116ms)
			RebuildTransferFunctionScriptingTraits (0ms)
			SetupTypeCache (361ms)
			ReleaseScriptCaches (1ms)
			RebuildScriptCaches (40ms)
			SetupLoadedEditorAssemblies (295ms)
				LogAssemblyErrors (0ms)
				InitializePlatformSupportModulesInManaged (5ms)
				SetLoadedEditorAssemblies (0ms)
				RefreshPlugins (1ms)
				BeforeProcessingInitializeOnLoad (53ms)
				ProcessInitializeOnLoadAttributes (224ms)
				ProcessInitializeOnLoadMethodAttributes (5ms)
				AfterProcessingInitializeOnLoad (7ms)
				EditorAssembliesLoaded (0ms)
			ExecutionOrderSort2 (0ms)
			AwakeInstancesAfterBackupRestoration (8ms)
Platform modules already initialized, skipping
Refreshing native plugins compatible for Editor in 0.65 ms, found 3 plugins.
Preloading 0 native plugins for Editor in 0.00 ms.
Unloading 2945 Unused Serialized files (Serialized files now loaded: 0)
System memory in use before: 105.7 MB.
System memory in use after: 105.9 MB.

Unloading 15 unused Assets to reduce memory usage. Loaded Objects now: 3399.
Total: 3.030400 ms (FindLiveObjects: 0.258900 ms CreateObjectMapping: 0.070100 ms MarkObjects: 2.682600 ms  DeleteObjects: 0.017900 ms)

AssetImportParameters requested are different than current active one (requested -> active):
  custom:framework-win-MediaFoundation: 216162199b28c13a410421893ffa2e32 -> 
  custom:video-decoder-ogg-theora: a1e56fd34408186e4bbccfd4996cb3dc -> 
  custom:container-muxer-webm: aa71ff27fc2769a1b78a27578f13a17b -> 
  custom:container-demuxer-webm: 4f35f7cbe854078d1ac9338744f61a02 -> 
  custom:container-demuxer-ogg: 62fdf1f143b41e24485cea50d1cbac27 -> 
  custom:video-encoder-webm-vp8: eb34c28f22e8b96e1ab97ce403110664 -> 
  custom:video-decoder-webm-vp8: 9c59270c3fd7afecdb556c50c9e8de78 -> 
  custom:audio-decoder-ogg-vorbis: bf7c407c2cedff20999df2af8eb42d56 -> 
  custom:audio-encoder-webm-vorbis: bf7c407c2cedff20999df2af8eb42d56 -> 
========================================================================
Received Import Request.
  Time since last request: 24.541425 seconds.
  path: Assets/Assets/salonek.fbx
  artifactKey: Guid(4e3146b8cda6583479daf66fa6c6e0e1) Importer(815301076,1909f56bfc062723c751e8b465ee728b)
Start importing Assets/Assets/salonek.fbx using Guid(4e3146b8cda6583479daf66fa6c6e0e1) Importer(815301076,1909f56bfc062723c751e8b465ee728b)  -> (artifact id: '98ae46a62f93fdc043164005ab9e6631') in 0.627105 seconds 
========================================================================
Received Import Request.
  Time since last request: 407.733510 seconds.
  path: Assets/Assets/New Animation.anim
  artifactKey: Guid(55e5f3d1cd268f24f98b6f80d83679a6) Importer(815301076,1909f56bfc062723c751e8b465ee728b)
Start importing Assets/Assets/New Animation.anim using Guid(55e5f3d1cd268f24f98b6f80d83679a6) Importer(815301076,1909f56bfc062723c751e8b465ee728b)  -> (artifact id: 'e9172e4753710831cf7155302d64de99') in 0.011975 seconds 
========================================================================
Received Import Request.
  Time since last request: 60.098456 seconds.
  path: Assets/Assets/PED_____.TTF
  artifactKey: Guid(690654aa10dbd9041a14ee6b4b9b625d) Importer(815301076,1909f56bfc062723c751e8b465ee728b)
Start importing Assets/Assets/PED_____.TTF using Guid(690654aa10dbd9041a14ee6b4b9b625d) Importer(815301076,1909f56bfc062723c751e8b465ee728b)  -> (artifact id: '55483cf21784180451301a921afd212d') in 0.034374 seconds 
========================================================================
Received Import Request.
  Time since last request: 3.205809 seconds.
  path: Assets/TextMesh Pro/Resources/Fonts & Materials/LiberationSans SDF.asset
  artifactKey: Guid(8f586378b4e144a9851e7b34d9b748ee) Importer(815301076,1909f56bfc062723c751e8b465ee728b)
Start importing Assets/TextMesh Pro/Resources/Fonts & Materials/LiberationSans SDF.asset using Guid(8f586378b4e144a9851e7b34d9b748ee) Importer(815301076,1909f56bfc062723c751e8b465ee728b)  -> (artifact id: 'f1280cc7be10b532b2897fc8654f95d3') in 0.062565 seconds 
========================================================================
Received Import Request.
  Time since last request: 0.000278 seconds.
  path: Assets/TextMesh Pro/Resources/Fonts & Materials/LiberationSans SDF - Fallback.asset
  artifactKey: Guid(2e498d1c8094910479dc3e1b768306a4) Importer(815301076,1909f56bfc062723c751e8b465ee728b)
Start importing Assets/TextMesh Pro/Resources/Fonts & Materials/LiberationSans SDF - Fallback.asset using Guid(2e498d1c8094910479dc3e1b768306a4) Importer(815301076,1909f56bfc062723c751e8b465ee728b)  -> (artifact id: 'b8c2210586957436df79bf961aeff06e') in 0.018854 seconds 
========================================================================
Received Import Request.
  Time since last request: 17.621312 seconds.
  path: Assets/TextMesh Pro/Fonts/LiberationSans.ttf
  artifactKey: Guid(e3265ab4bf004d28a9537516768c1c75) Importer(815301076,1909f56bfc062723c751e8b465ee728b)
Start importing Assets/TextMesh Pro/Fonts/LiberationSans.ttf using Guid(e3265ab4bf004d28a9537516768c1c75) Importer(815301076,1909f56bfc062723c751e8b465ee728b)  -> (artifact id: '79889cafde56e022babe0107d274bab5') in 0.017237 seconds 
========================================================================
Received Import Request.
  Time since last request: 85.805736 seconds.
  path: Assets/Assets/perdido-cz-sk-num.ttf
  artifactKey: Guid(8fdbbac252024ea4586fb34c593fa448) Importer(815301076,1909f56bfc062723c751e8b465ee728b)
Start importing Assets/Assets/perdido-cz-sk-num.ttf using Guid(8fdbbac252024ea4586fb34c593fa448) Importer(815301076,1909f56bfc062723c751e8b465ee728b)  -> (artifact id: 'ed501833b058231f15967f769e2103ed') in 0.014848 seconds 
========================================================================
Received Import Request.
  Time since last request: 103.469557 seconds.
  path: Assets/Scenes/SampleScene.unity
  artifactKey: Guid(9fc0d4010bbf28b4594072e72b8655ab) Importer(815301076,1909f56bfc062723c751e8b465ee728b)
Start importing Assets/Scenes/SampleScene.unity using Guid(9fc0d4010bbf28b4594072e72b8655ab) Importer(815301076,1909f56bfc062723c751e8b465ee728b)  -> (artifact id: '8580735c59de780a6900eb133c13f2e9') in 0.007332 seconds 
========================================================================
Received Import Request.
  Time since last request: 8.303539 seconds.
  path: Assets/Scenes/MenuScene.unity
  artifactKey: Guid(9fc0d4010bbf28b4594072e72b8655ab) Importer(815301076,1909f56bfc062723c751e8b465ee728b)
Start importing Assets/Scenes/MenuScene.unity using Guid(9fc0d4010bbf28b4594072e72b8655ab) Importer(815301076,1909f56bfc062723c751e8b465ee728b)  -> (artifact id: 'dfcc9a24c9fb365767250032ea43d16a') in 0.007599 seconds 
========================================================================
Received Import Request.
  Time since last request: 5.790779 seconds.
  path: Assets/Scenes
  artifactKey: Guid(f4e2277eab5e28042998876de5b12634) Importer(815301076,1909f56bfc062723c751e8b465ee728b)
Start importing Assets/Scenes using Guid(f4e2277eab5e28042998876de5b12634) Importer(815301076,1909f56bfc062723c751e8b465ee728b)  -> (artifact id: '7a1dcb165c37e6b7ecb0148da47ba90e') in 0.006618 seconds 
========================================================================
Received Import Request.
  Time since last request: 14.517085 seconds.
  path: Assets/Scenes/GameScene.unity
  artifactKey: Guid(1c2f76e311d2c3146a1e69e8c0146438) Importer(815301076,1909f56bfc062723c751e8b465ee728b)
Start importing Assets/Scenes/GameScene.unity using Guid(1c2f76e311d2c3146a1e69e8c0146438) Importer(815301076,1909f56bfc062723c751e8b465ee728b)  -> (artifact id: '75347ecd8a09e0466a91500e16a54e36') in 0.007049 seconds 
========================================================================
Received Import Request.
  Time since last request: 538.452904 seconds.
  path: Assets/Scenes/GameScene.unity
  artifactKey: Guid(1c2f76e311d2c3146a1e69e8c0146438) Importer(815301076,1909f56bfc062723c751e8b465ee728b)
Start importing Assets/Scenes/GameScene.unity using Guid(1c2f76e311d2c3146a1e69e8c0146438) Importer(815301076,1909f56bfc062723c751e8b465ee728b)  -> (artifact id: '4f2d346dcd7beb11114319fa7e64d6c1') in 0.003448 seconds 
========================================================================
Received Import Request.
  Time since last request: 160.722773 seconds.
  path: Assets/Scenes/Bang.png
  artifactKey: Guid(6e94db2b412c71f429ef93792d9e2135) Importer(815301076,1909f56bfc062723c751e8b465ee728b)
Start importing Assets/Scenes/Bang.png using Guid(6e94db2b412c71f429ef93792d9e2135) Importer(815301076,1909f56bfc062723c751e8b465ee728b)  -> (artifact id: 'e40875aa6576258c2127c6e5eb673a1c') in 0.029955 seconds 
========================================================================
Received Import Request.
  Time since last request: 215.611107 seconds.
  path: Assets/TextMesh Pro/Sprites/EmojiOne.png
  artifactKey: Guid(dffef66376be4fa480fb02b19edbe903) Importer(815301076,1909f56bfc062723c751e8b465ee728b)
Start importing Assets/TextMesh Pro/Sprites/EmojiOne.png using Guid(dffef66376be4fa480fb02b19edbe903) Importer(815301076,1909f56bfc062723c751e8b465ee728b)  -> (artifact id: 'c0823066b7ec52758287ee63733e29fa') in 0.015550 seconds 
========================================================================
Received Import Request.
  Time since last request: 0.000253 seconds.
  path: Assets/Assets/salonek.fbm/lambert2SG_baseColor.png
  artifactKey: Guid(dd98d13f25978f64f9bba2141ceb1258) Importer(815301076,1909f56bfc062723c751e8b465ee728b)
Start importing Assets/Assets/salonek.fbm/lambert2SG_baseColor.png using Guid(dd98d13f25978f64f9bba2141ceb1258) Importer(815301076,1909f56bfc062723c751e8b465ee728b)  -> (artifact id: 'c899c1d8e5bdd05d0f7a2b2df2f98351') in 0.014699 seconds 
========================================================================
Received Import Request.
  Time since last request: 0.000204 seconds.
  path: Assets/Assets/salonek.fbm/lambert2SG_normal.png
  artifactKey: Guid(65cbcd9f252d0c94294bdeedebf8010b) Importer(815301076,1909f56bfc062723c751e8b465ee728b)
Start importing Assets/Assets/salonek.fbm/lambert2SG_normal.png using Guid(65cbcd9f252d0c94294bdeedebf8010b) Importer(815301076,1909f56bfc062723c751e8b465ee728b)  -> (artifact id: '08835bdf740d1a56b4335a269923d28a') in 0.021150 seconds 
========================================================================
Received Import Request.
  Time since last request: 0.000216 seconds.
  path: Assets/Assets/salonek.fbm/Floor1_baseColor.png
  artifactKey: Guid(172e73dc3f70fd547947496aa3acb866) Importer(815301076,1909f56bfc062723c751e8b465ee728b)
Start importing Assets/Assets/salonek.fbm/Floor1_baseColor.png using Guid(172e73dc3f70fd547947496aa3acb866) Importer(815301076,1909f56bfc062723c751e8b465ee728b)  -> (artifact id: 'd6da667dfccd9ec36e4f4ac2326db303') in 0.016998 seconds 
========================================================================
Received Import Request.
  Time since last request: 30.250718 seconds.
  path: Assets/Assets/New Material.mat
  artifactKey: Guid(82e8395a8e66a6a418ec54b1f80eaf3c) Importer(815301076,1909f56bfc062723c751e8b465ee728b)
Start importing Assets/Assets/New Material.mat using Guid(82e8395a8e66a6a418ec54b1f80eaf3c) Importer(815301076,1909f56bfc062723c751e8b465ee728b)  -> (artifact id: '61a38188dfdb527d7f09dad9a217f0cb') in 0.024109 seconds 
========================================================================
Received Import Request.
  Time since last request: 277.289107 seconds.
  path: Assets/Assets/New Material.mat
  artifactKey: Guid(82e8395a8e66a6a418ec54b1f80eaf3c) Importer(815301076,1909f56bfc062723c751e8b465ee728b)
Start importing Assets/Assets/New Material.mat using Guid(82e8395a8e66a6a418ec54b1f80eaf3c) Importer(815301076,1909f56bfc062723c751e8b465ee728b)  -> (artifact id: '7031479739023858956989cb17f92d17') in 0.013459 seconds 
========================================================================
Received Prepare
Registering precompiled user dll's ...
Registered in 0.005047 seconds.
Begin MonoManager ReloadAssembly
Symbol file LoadedFromMemory doesn't match image C:\Users\radek\Desktop\Rocnikovka_Repo\BANG-3D\BANG! 3D\Library\PackageCache\com.unity.visualscripting@1.6.1\Editor\VisualScripting.Core\Dependencies\YamlDotNet\Unity.VisualScripting.YamlDotNet.dll
Symbol file LoadedFromMemory doesn't match image C:\Users\radek\Desktop\Rocnikovka_Repo\BANG-3D\BANG! 3D\Library\PackageCache\com.unity.visualscripting@1.6.1\Editor\VisualScripting.Core\Dependencies\DotNetZip\Unity.VisualScripting.IonicZip.dll
Native extension for WindowsStandalone target not found
Refreshing native plugins compatible for Editor in 0.69 ms, found 3 plugins.
Preloading 0 native plugins for Editor in 0.00 ms.
Mono: successfully reloaded assembly
- Completed reload, in  1.160 seconds
Domain Reload Profiling:
	ReloadAssembly (1160ms)
		BeginReloadAssembly (132ms)
			ExecutionOrderSort (0ms)
			DisableScriptedObjects (4ms)
			BackupInstance (0ms)
			ReleaseScriptingObjects (0ms)
			CreateAndSetChildDomain (40ms)
		EndReloadAssembly (960ms)
			LoadAssemblies (102ms)
			RebuildTransferFunctionScriptingTraits (0ms)
			SetupTypeCache (378ms)
			ReleaseScriptCaches (1ms)
			RebuildScriptCaches (43ms)
			SetupLoadedEditorAssemblies (304ms)
				LogAssemblyErrors (0ms)
				InitializePlatformSupportModulesInManaged (5ms)
				SetLoadedEditorAssemblies (1ms)
				RefreshPlugins (1ms)
				BeforeProcessingInitializeOnLoad (55ms)
				ProcessInitializeOnLoadAttributes (231ms)
				ProcessInitializeOnLoadMethodAttributes (5ms)
				AfterProcessingInitializeOnLoad (7ms)
				EditorAssembliesLoaded (0ms)
			ExecutionOrderSort2 (0ms)
			AwakeInstancesAfterBackupRestoration (15ms)
Platform modules already initialized, skipping
Refreshing native plugins compatible for Editor in 0.65 ms, found 3 plugins.
Preloading 0 native plugins for Editor in 0.00 ms.
Unloading 2968 Unused Serialized files (Serialized files now loaded: 0)
System memory in use before: 129.0 MB.
System memory in use after: 128.6 MB.

Unloading 27 unused Assets to reduce memory usage. Loaded Objects now: 3603.
Total: 3.479100 ms (FindLiveObjects: 0.313500 ms CreateObjectMapping: 0.077200 ms MarkObjects: 2.820500 ms  DeleteObjects: 0.265900 ms)

AssetImportParameters requested are different than current active one (requested -> active):
  custom:framework-win-MediaFoundation: 216162199b28c13a410421893ffa2e32 -> 
  custom:video-decoder-ogg-theora: a1e56fd34408186e4bbccfd4996cb3dc -> 
  custom:container-muxer-webm: aa71ff27fc2769a1b78a27578f13a17b -> 
  custom:container-demuxer-webm: 4f35f7cbe854078d1ac9338744f61a02 -> 
  custom:container-demuxer-ogg: 62fdf1f143b41e24485cea50d1cbac27 -> 
  custom:video-encoder-webm-vp8: eb34c28f22e8b96e1ab97ce403110664 -> 
  custom:video-decoder-webm-vp8: 9c59270c3fd7afecdb556c50c9e8de78 -> 
  custom:audio-decoder-ogg-vorbis: bf7c407c2cedff20999df2af8eb42d56 -> 
  custom:audio-encoder-webm-vorbis: bf7c407c2cedff20999df2af8eb42d56 -> 
========================================================================
Received Import Request.
  Time since last request: 51.698700 seconds.
  path: Assets/Scenes/GameScene.unity
  artifactKey: Guid(1c2f76e311d2c3146a1e69e8c0146438) Importer(815301076,1909f56bfc062723c751e8b465ee728b)
Start importing Assets/Scenes/GameScene.unity using Guid(1c2f76e311d2c3146a1e69e8c0146438) Importer(815301076,1909f56bfc062723c751e8b465ee728b)  -> (artifact id: '40c1b6af12dd42d9ab5a04e1f607a396') in 0.014637 seconds 
AssetImportWorkerClient::OnTransportError - code=2 error=End of file
